<?xml version="1.0" encoding="UTF-8"?>
<testsuite name="WizardTD.SampleTest" tests="1" skipped="0" failures="0" errors="0" timestamp="2023-09-12T12:57:16" hostname="Flynns-MBP.modem" time="0.008">
  <properties/>
  <testcase name="simpleTest()" classname="WizardTD.SampleTest" time="0.008"/>
  <system-out><![CDATA[]]></system-out>
  <system-err><![CDATA[]]></system-err>
</testsuite>
